<?xml version="1.0" encoding="UTF-8"?>
<!-- Generated by org.testng.reporters.JUnitReportReporter -->
<testsuite hostname="LNLA072P3014" name="JukinMedia.automation.Runner" tests="1" failures="0" timestamp="30 Sep 2020 13:14:51 GMT" time="5.770" errors="0">
  <testcase name="feature" time="5.770" classname="JukinMedia.automation.Runner"/>
</testsuite> <!-- JukinMedia.automation.Runner -->
