<?xml version="1.0" encoding="UTF-8"?>
<!-- Generated by org.testng.reporters.JUnitReportReporter -->
<testsuite skipped="0" hostname="LNLA072P3014" name="JukinMedia.automation.Runner" tests="1" failures="0" timestamp="2020-09-30T19:03:17 IST" time="5.451" errors="0">
  <testcase name="feature" time="5.451" classname="JukinMedia.automation.Runner"/>
  <system-out>
User launched login URL User enters the user name abc User enters the user name A@123 User clicks on login button [Assertion Passed]: User is able to see Incorrect email/password combination text ************************************* Feature Name> Scenario Name: Verify error messages "Incorrect email/password combination" is displayed when user enters invalid mail ID Scenario Result: PASSED User launched login URL User enters the user name @ User enters the user name A@123 User clicks on login button [Assertion Passed]: User is able to see Incorrect email/password combination text ************************************* Feature Name> Scenario Name: Verify error messages "Incorrect email/password combination" is displayed when user enters invalid mail ID Scenario Result: PASSED User launched login URL User enters the user name .com User enters the user name A@123 User clicks on login button [Assertion Passed]: User is able to see Incorrect email/password combination text ************************************* Feature Name> Scenario Name: Verify error messages "Incorrect email/password combination" is displayed when user enters invalid mail ID Scenario Result: PASSED User launched login URL User enters the user name @test.com User enters the user name A@123 User clicks on login button [Assertion Passed]: User is able to see Incorrect email/password combination text ************************************* Feature Name> Scenario Name: Verify error messages "Incorrect email/password combination" is displayed when user enters invalid mail ID Scenario Result: PASSED User launched login URL User enters the user name quality@jukinmedia.com User enters the user name A@123 User clicks on login button [Assertion Passed]: Incorrect password text is displayed ************************************* Feature Name> Scenario Name: Verify error message "Incorrect password" is displayed when user enters incorrect password Scenario Result: PASSED  </system-out>
</testsuite> <!-- JukinMedia.automation.Runner -->
